2025-03-27 12:21:05,475 - INFO - Скрипт начал выполнение
2025-03-27 12:21:08,688 - ERROR - Error serializing column `date` into data type `Date`
Traceback (most recent call last):
  File "C:\PROJECTS\Parametrs_second\.venv\Lib\site-packages\clickhouse_connect\driver\transform.py", line 99, in chunk_gen
    col_type.write_column(data, output, context)
    ~~~~~~~~~~~~~~~~~~~~~^^^^^^^^^^^^^^^^^^^^^^^
  File "C:\PROJECTS\Parametrs_second\.venv\Lib\site-packages\clickhouse_connect\datatypes\base.py", line 214, in write_column
    self.write_column_data(column, dest, ctx)
    ~~~~~~~~~~~~~~~~~~~~~~^^^^^^^^^^^^^^^^^^^
  File "C:\PROJECTS\Parametrs_second\.venv\Lib\site-packages\clickhouse_connect\datatypes\base.py", line 229, in write_column_data
    self._write_column_binary(column, dest, ctx)
    ~~~~~~~~~~~~~~~~~~~~~~~~~^^^^^^^^^^^^^^^^^^^
  File "C:\PROJECTS\Parametrs_second\.venv\Lib\site-packages\clickhouse_connect\datatypes\temporal.py", line 47, in _write_column_binary
    column = [(x - esd).days for x in column]
               ~~^~~~~
TypeError: unsupported operand type(s) for -: 'str' and 'datetime.date'
2025-03-27 12:21:08,762 - ERROR - Ошибка во время выполнения скрипта: unsupported operand type(s) for -: 'str' and 'datetime.date'
2025-03-27 12:22:26,326 - INFO - Скрипт начал выполнение
2025-03-27 12:22:28,735 - INFO - Скрипт успешно завершил выполнение
2025-03-27 12:26:45,238 - INFO - Скрипт начал выполнение
2025-03-27 12:26:46,801 - INFO - Скрипт успешно завершил выполнение
2025-03-27 12:28:09,837 - INFO - Скрипт начал выполнение
2025-03-27 12:28:11,023 - INFO - Скрипт успешно завершил выполнение
2025-03-27 12:29:11,792 - INFO - Скрипт начал выполнение
2025-03-27 12:34:53,205 - INFO - Скрипт успешно завершил выполнение
